D:\JOJI\D\EZZAT DRAWINGS\ADNOC\Abu Dhabi Adnoc\AV DRAWINGS\SKEC-AVS_SVP CHIEF TYPE 1-2.dwg,MEETING ROOM  TYPE -1,21-08-2022 05:37:53 PM,alfin,DWG To PDF.pc3,ISO full bleed A3 (420.00 x 297.00 MM),1:1,
D:\JOJI\D\EZZAT DRAWINGS\ADNOC\Abu Dhabi Adnoc\AV MODIFIED DRAWING 21-08-2022\SKEC-AVS_SVP CHIEF TYPE 1-2.dwg,MEETING ROOM  TYPE -1,21-08-2022 07:31:11 PM,alfin,DWG To PDF.pc3,ISO full bleed A3 (420.00 x 297.00 MM),1:1,
D:\JOJI\D\EZZAT DRAWINGS\ADNOC\board room\SKEC-AVS_binded.dwg,L25-CCTV,22-08-2022 02:23:27 AM,alfin,DWG To PDF.pc3,ISO full bleed A3 (420.00 x 297.00 MM),1:1,
D:\JOJI\D\EZZAT DRAWINGS\ADNOC\board room\SKEC-AVS_binded.dwg,L25-CCTV,05-09-2022 04:08:59 PM,alfin,DWG To PDF.pc3,ISO full bleed A3 (420.00 x 297.00 MM),1:1,
D:\JOJI\D\EZZAT DRAWINGS\ADNOC\board room\SKEC-AVS_binded.dwg,L25-CCTV,05-09-2022 06:19:31 PM,alfin,DWG To PDF.pc3,ISO full bleed A3 (420.00 x 297.00 MM),1:1,
D:\JOJI\D\EZZAT DRAWINGS\ADNOC\board room\SKEC-AVS_binded.dwg,L25-CCTV,07-09-2022 08:39:03 AM,alfin,DWG To PDF.pc3,ISO full bleed A3 (420.00 x 297.00 MM),1:1,
D:\JOJI\D\EZZAT DRAWINGS\ADNOC\board room\BOARD ROOM AV SYSTEM  R-01.dwg,L25-CCTV,08-09-2022 01:15:51 AM,alfin,DWG To PDF.pc3,ISO full bleed A3 (420.00 x 297.00 MM),1:1,
D:\JOJI\D\EZZAT DRAWINGS\ADNOC\board room\BOARD ROOM AV SYSTEM  R-01.dwg,L25-CCTV,13-09-2022 09:59:22 PM,alfin,DWG To PDF.pc3,ISO full bleed A3 (420.00 x 297.00 MM),1:1,
D:\JOJI\D\EZZAT DRAWINGS\ADNOC\board room\BOARD ROOM AV SYSTEM  R-04.dwg,L25-CCTV,18-09-2022 07:31:03 PM,alfin,DWG To PDF.pc3,ISO full bleed A3 (420.00 x 297.00 MM),1:1,
D:\JOJI\D\EZZAT DRAWINGS\ADNOC\board room\BOARD ROOM AV SYSTEM  R-04.dwg,L25-CCTV,03-11-2022 11:37:01 PM,alfin,DWG To PDF.pc3,ISO full bleed A3 (420.00 x 297.00 MM),1:1,
D:\JOJI\D\EZZAT DRAWINGS\ADNOC\Abu Dhabi Adnoc\AV MODIFIED DRAWING 21-08-2022\SKEC-AVS_SVP CHIEF TYPE 1-2.dwg,SVP+CHIEF TYPE-1,08-11-2022 10:06:19 PM,alfin,DWG To PDF.pc3,ISO A3 (297.00 x 420.00 MM),1:1.08808,
C:\Users\alfin\Desktop\appachi work shop.dwg,Model,12-12-2022 04:03:44 PM,alfin,DWG To PDF.pc3,ISO full bleed A3 (297.00 x 420.00 MM),1:193.266,
C:\Users\alfin\Desktop\appachi work shop.dwg,Model,12-12-2022 04:30:31 PM,alfin,DWG To PDF.pc3,ISO full bleed A3 (297.00 x 420.00 MM),1:193.266,
C:\Users\alfin\Desktop\appachi work shop.dwg,Model,12-12-2022 06:30:50 PM,alfin,DWG To PDF.pc3,ISO full bleed A3 (297.00 x 420.00 MM),1:106.071,
C:\Users\alfin\Desktop\appachi work shop.dwg,Model,14-12-2022 02:02:49 PM,alfin,DWG To PDF.pc3,ISO full bleed A3 (297.00 x 420.00 MM),1:109.271,
D:\JOJI\D\KURICHI JOHNSON\KURICHI SHRINE.dwg,Layout1,27-12-2022 12:24:15 AM,alfin,AutoCAD PDF (High Quality Print).pc3,ISO A2 (594.00 x 420.00 MM),1:1.09294,
D:\JOJI\D\KURICHI JOHNSON\KURICHI SHRINE.dwg,Layout1,27-12-2022 07:29:45 PM,alfin,AutoCAD PDF (High Quality Print).pc3,ISO A2 (594.00 x 420.00 MM),1:1.09294,
D:\JOJI\D\KURICHI JOHNSON\KURICHI SHRINE.dwg,Layout1,27-12-2022 07:51:17 PM,alfin,AutoCAD PDF (High Quality Print).pc3,ISO A2 (594.00 x 420.00 MM),1:1.09294,
D:\SAJAN\MANOJ & ANJU.dwg,Model,14-02-2023 04:03:38 PM,alfin,DWG To PDF.pc3,ISO full bleed A3 (297.00 x 420.00 MM),1:10,
D:\JOJI\D\home renovation\home -1.dwg,Model,08-06-2023 10:18:58 PM,alfin,DWG To PDF.pc3,ISO full bleed A3 (297.00 x 420.00 MM),1:67.1548,
